<?xml version="1.0" encoding="UTF-8"?>
<testsuite xmlns:xsi="http://www.w3.org/2001/XMLSchema-instance" xsi:noNamespaceSchemaLocation="https://maven.apache.org/surefire/maven-surefire-plugin/xsd/surefire-test-report-3.0.xsd" version="3.0" name="com.proyectos.springboot.web.app.SpringBootWebProyectoApplicationTests" time="7.931" tests="1" errors="0" skipped="0" failures="0">
  <properties>
[...]
</properties>
  <testcase name="contextLoads" classname="com.proyectos.springboot.web.app.SpringBootWebProyectoApplicationTests" time="0.768">
    <system-out><![CDATA[12:40:59.779 [main] INFO org.springframework.test.context.support.AnnotationConfigContextLoaderUtils -- Could not detect default configuration classes for test class [com.proyectos.springboot.web.app.SpringBootWebProyectoApplicationTests]: SpringBootWebProyectoApplicationTests does not declare any static, non-private, non-final, nested classes annotated with @Configuration.
12:40:59.940 [main] INFO org.springframework.boot.test.context.SpringBootTestContextBootstrapper -- Found @SpringBootConfiguration com.proyectos.springboot.web.app.SpringBootWebProyectoApplication for test class com.proyectos.springboot.web.app.SpringBootWebProyectoApplicationTests
12:41:00.242 [main] INFO org.springframework.boot.devtools.restart.RestartApplicationListener -- Restart disabled due to context in which it is running

  .   ____          _            __ _ _
 /\\ / ___'_ __ _ _(_)_ __  __ _ \ \ \ \
( ( )\___ | '_ | '_| | '_ \/ _` | \ \ \ \
 \\/  ___)| |_)| | | | | || (_| |  ) ) ) )
  '  |____| .__|_| |_|_| |_\__, | / / / /
 =========|_|==============|___/=/_/_/_/
 :: Spring Boot ::                (v3.1.5)

2023-11-10T12:41:00.602-05:00  INFO 16400 --- [           main] .a.SpringBootWebProyectoApplicationTests : Starting SpringBootWebProyectoApplicationTests using Java 17.0.8.1 with PID 16400 (started by cadro in D:\SpringTools\proyectos\spring-boot-web-proyecto)
2023-11-10T12:41:00.604-05:00  INFO 16400 --- [           main] .a.SpringBootWebProyectoApplicationTests : No active profile set, falling back to 1 default profile: "default"
2023-11-10T12:41:01.441-05:00  INFO 16400 --- [           main] .s.d.r.c.RepositoryConfigurationDelegate : Multiple Spring Data modules found, entering strict repository configuration mode
2023-11-10T12:41:01.442-05:00  INFO 16400 --- [           main] .s.d.r.c.RepositoryConfigurationDelegate : Bootstrapping Spring Data JDBC repositories in DEFAULT mode.
2023-11-10T12:41:01.480-05:00  INFO 16400 --- [           main] .RepositoryConfigurationExtensionSupport : Spring Data JDBC - Could not safely identify store assignment for repository candidate interface com.proyectos.springboot.web.app.models.dao.IMonitoreoDao; If you want this repository to be a JDBC repository, consider annotating your entities with one of these annotations: org.springframework.data.relational.core.mapping.Table.
2023-11-10T12:41:01.481-05:00  INFO 16400 --- [           main] .s.d.r.c.RepositoryConfigurationDelegate : Finished Spring Data repository scanning in 33 ms. Found 0 JDBC repository interfaces.
2023-11-10T12:41:01.498-05:00  INFO 16400 --- [           main] .s.d.r.c.RepositoryConfigurationDelegate : Multiple Spring Data modules found, entering strict repository configuration mode
2023-11-10T12:41:01.500-05:00  INFO 16400 --- [           main] .s.d.r.c.RepositoryConfigurationDelegate : Bootstrapping Spring Data JPA repositories in DEFAULT mode.
2023-11-10T12:41:01.533-05:00  INFO 16400 --- [           main] .s.d.r.c.RepositoryConfigurationDelegate : Finished Spring Data repository scanning in 26 ms. Found 1 JPA repository interfaces.
2023-11-10T12:41:02.260-05:00  INFO 16400 --- [           main] com.zaxxer.hikari.HikariDataSource       : HikariPool-1 - Starting...
2023-11-10T12:41:03.577-05:00  INFO 16400 --- [           main] com.zaxxer.hikari.pool.HikariPool        : HikariPool-1 - Added connection ConnectionID:1 ClientConnectionId: 7392e807-2c94-4577-a62e-3646dd9bb68e
2023-11-10T12:41:03.579-05:00  INFO 16400 --- [           main] com.zaxxer.hikari.HikariDataSource       : HikariPool-1 - Start completed.
2023-11-10T12:41:03.639-05:00  INFO 16400 --- [           main] o.hibernate.jpa.internal.util.LogHelper  : HHH000204: Processing PersistenceUnitInfo [name: default]
2023-11-10T12:41:03.706-05:00  INFO 16400 --- [           main] org.hibernate.Version                    : HHH000412: Hibernate ORM core version 6.2.13.Final
2023-11-10T12:41:03.709-05:00  INFO 16400 --- [           main] org.hibernate.cfg.Environment            : HHH000406: Using bytecode reflection optimizer
2023-11-10T12:41:04.166-05:00  INFO 16400 --- [           main] o.s.o.j.p.SpringPersistenceUnitInfo      : No LoadTimeWeaver setup: ignoring JPA class transformer
2023-11-10T12:41:04.328-05:00  WARN 16400 --- [           main] org.hibernate.orm.deprecation            : HHH90000025: SQLServerDialect does not need to be specified explicitly using 'hibernate.dialect' (remove the property setting and it will be selected by default)
2023-11-10T12:41:05.444-05:00  INFO 16400 --- [           main] o.h.e.t.j.p.i.JtaPlatformInitiator       : HHH000489: No JTA platform available (set 'hibernate.transaction.jta.platform' to enable JTA platform integration)
2023-11-10T12:41:05.450-05:00  INFO 16400 --- [           main] j.LocalContainerEntityManagerFactoryBean : Initialized JPA EntityManagerFactory for persistence unit 'default'
2023-11-10T12:41:05.992-05:00  WARN 16400 --- [           main] JpaBaseConfiguration$JpaWebConfiguration : spring.jpa.open-in-view is enabled by default. Therefore, database queries may be performed during view rendering. Explicitly configure spring.jpa.open-in-view to disable this warning
2023-11-10T12:41:06.383-05:00  WARN 16400 --- [           main] ion$DefaultTemplateResolverConfiguration : Cannot find template location: classpath:/templates/ (please add some templates, check your Thymeleaf configuration, or set spring.thymeleaf.check-template-location=false)
2023-11-10T12:41:06.590-05:00  WARN 16400 --- [           main] o.s.data.convert.CustomConversions       : Registering converter from class microsoft.sql.DateTimeOffset to class java.time.OffsetDateTime as reading converter although it doesn't convert from a store-supported type; You might want to check your annotation setup at the converter implementation
2023-11-10T12:41:06.678-05:00  INFO 16400 --- [           main] .a.SpringBootWebProyectoApplicationTests : Started SpringBootWebProyectoApplicationTests in 6.454 seconds (process running for 8.104)
]]></system-out>
  </testcase>
</testsuite>